<?xml version="1.0" encoding="UTF-8"?>
<testsuite name="Cucumber" time="56.422" tests="7" skipped="0" failures="1" errors="0">
<testcase classname="feature to test login functionality" name="check login is successful with valid credentials" time="4.806">
<system-out><![CDATA[
Given browser is open.......................................................passed
And user is on login page...................................................passed
When user enters dimaswisnu and dimaswisnu..................................passed
And user clicks on login button.............................................passed
Then user is navigated to the home page.....................................passed
]]></system-out>
</testcase>
<testcase classname="feature to test login functionality" name="check login is un-successful with invalid credentials - Example #1.1" time="2.725">
<system-out><![CDATA[
Given browser is open.......................................................passed
And user is on login page...................................................passed
When user enters user1 and tes123...........................................passed
And user clicks on login button.............................................passed
Then login page show error..................................................passed
]]></system-out>
</testcase>
<testcase classname="feature to test login functionality" name="check login is un-successful with invalid credentials - Example #1.2" time="2.766">
<system-out><![CDATA[
Given browser is open.......................................................passed
And user is on login page...................................................passed
When user enters user2 and tes123!!.........................................passed
And user clicks on login button.............................................passed
Then login page show error..................................................passed
]]></system-out>
</testcase>
<testcase classname="feature to test login functionality" name="check login is un-successful with invalid credentials - Example #1.3" time="2.495">
<system-out><![CDATA[
Given browser is open.......................................................passed
And user is on login page...................................................passed
When user enters <blank> and <blank>........................................passed
And user clicks on login button.............................................passed
Then login page show error..................................................passed
]]></system-out>
</testcase>
<testcase classname="feature to test login functionality" name="check login is un-successful with invalid credentials - Example #1.4" time="3.382">
<system-out><![CDATA[
Given browser is open.......................................................passed
And user is on login page...................................................passed
When user enters user4 and <blank>..........................................passed
And user clicks on login button.............................................passed
Then login page show error..................................................passed
]]></system-out>
</testcase>
<testcase classname="feature to test login functionality" name="check login is un-successful with invalid credentials - Example #1.5" time="10.529">
<system-out><![CDATA[
Given browser is open.......................................................passed
And user is on login page...................................................passed
When user enters <blank> and tes123.........................................passed
And user clicks on login button.............................................passed
Then login page show error..................................................passed
]]></system-out>
</testcase>
<testcase classname="feature to test logout functionality" name="User successfully logout from the system" time="29.426">
<failure type="org.openqa.selenium.NoSuchElementException" message="Unable to find element with locator By.xpath: //*[@id=&quot;app&quot;]/div[3]/div[1]/div/div[1]
For documentation on this error, please visit: https://selenium.dev/exceptions/#no_such_element
Build info: version: '4.8.3', revision: 'e5e76298c3'
System info: os.name: 'Windows 11', os.arch: 'amd64', os.version: '10.0', java.version: '20'
Driver info: driver.version: RemoteWebDriver">
<![CDATA[org.openqa.selenium.NoSuchElementException: Unable to find element with locator By.xpath: //*[@id="app"]/div[3]/div[1]/div/div[1]
For documentation on this error, please visit: https://selenium.dev/exceptions/#no_such_element
Build info: version: '4.8.3', revision: 'e5e76298c3'
System info: os.name: 'Windows 11', os.arch: 'amd64', os.version: '10.0', java.version: '20'
Driver info: driver.version: RemoteWebDriver
	at org.openqa.selenium.remote.ElementLocation$ElementFinder$2.findElement(ElementLocation.java:165)
	at org.openqa.selenium.remote.ElementLocation.findElement(ElementLocation.java:60)
	at org.openqa.selenium.remote.RemoteWebDriver.findElement(RemoteWebDriver.java:352)
	at org.openqa.selenium.remote.RemoteWebDriver.findElement(RemoteWebDriver.java:344)
	at StepDefinitions.LogoutSteps.user_is_navigated_to_the_login_page(LogoutSteps.java:93)
	at ✽.user is navigated to the login page(file:///C:/Users/dimas/eclipse-workspace/DoCMS/src/test/resources/Features/logout.feature:11)
]]>
</failure>
<system-out><![CDATA[
Given browser is on metadata page...........................................passed
When user clicks on logout button...........................................passed
Then user is navigated to the login page....................................failed
]]></system-out>
</testcase>
</testsuite>
